<?xml version="1.0" encoding="UTF-8"?>
<robot generator="Robot 5.0 (Python 3.8.7rc1 on win32)" generated="20220509 20:41:27.418" rpa="false" schemaversion="3">
<suite id="s1" name="Consulta Petz" source="C:\Users\Particular\PycharmProjects\133petsRobotFrameWork\consulta_petz.robot">
<test id="s1-t1" name="Consulta Produto com Clique na Lupa" line="13">
<kw name="Dado que acesso o site como cliente">
<kw name="Open Browser" library="SeleniumLibrary">
<arg>${url}</arg>
<arg>${browser}</arg>
<doc>Opens a new browser instance to the optional ``url``.</doc>
<msg timestamp="20220509 20:41:27.758" level="INFO">Opening browser 'Chrome' to base url 'https://www.petz.com.br'.</msg>
<status status="PASS" starttime="20220509 20:41:27.757" endtime="20220509 20:41:35.854"/>
</kw>
<status status="PASS" starttime="20220509 20:41:27.757" endtime="20220509 20:41:35.854"/>
</kw>
<kw name="Quando escrevo &quot;RAÇÃO&quot; na barra de pesquisa" sourcename="Quando escrevo &quot;${palavra_chave}&quot; na barra de pesquisa">
<kw name="Set Test Variable" library="BuiltIn">
<arg>${palavra_chave}</arg>
<doc>Makes a variable available everywhere within the scope of the current test.</doc>
<msg timestamp="20220509 20:41:35.857" level="INFO">${palavra_chave} = RAÇÃO</msg>
<status status="PASS" starttime="20220509 20:41:35.856" endtime="20220509 20:41:35.857"/>
</kw>
<kw name="Input Text" library="SeleniumLibrary">
<arg>name = q</arg>
<arg>${palavra_chave}</arg>
<doc>Types the given ``text`` into the text field identified by ``locator``.</doc>
<msg timestamp="20220509 20:41:35.858" level="INFO">Typing text 'RAÇÃO' into text field 'name = q'.</msg>
<status status="PASS" starttime="20220509 20:41:35.857" endtime="20220509 20:41:36.126"/>
</kw>
<status status="PASS" starttime="20220509 20:41:35.855" endtime="20220509 20:41:36.126"/>
</kw>
<kw name="E clico no botao da lupa">
<kw name="Click Button" library="SeleniumLibrary">
<arg>class = button-search</arg>
<doc>Clicks the button identified by ``locator``.</doc>
<msg timestamp="20220509 20:41:36.128" level="INFO">Clicking button 'class = button-search'.</msg>
<status status="PASS" starttime="20220509 20:41:36.127" endtime="20220509 20:41:40.105"/>
</kw>
<status status="PASS" starttime="20220509 20:41:36.127" endtime="20220509 20:41:40.105"/>
</kw>
<kw name="Entao exibe um grid e a frase do resultado esperado">
<kw name="Wait Until Element Is Enabled" library="SeleniumLibrary">
<arg>css = h1.h2Categoria.nomeCategoria</arg>
<doc>Waits until the element ``locator`` is enabled.</doc>
<status status="PASS" starttime="20220509 20:41:40.106" endtime="20220509 20:41:40.209"/>
</kw>
<kw name="Element Should Contain" library="SeleniumLibrary">
<arg>css = h1.h2Categoria.nomeCategoria</arg>
<arg>RESULTADOS PARA "${palavra_chave}"</arg>
<doc>Verifies that element ``locator`` contains text ``expected``.</doc>
<msg timestamp="20220509 20:41:40.286" level="INFO">Element 'css = h1.h2Categoria.nomeCategoria' contains text 'RESULTADOS PARA "RAÇÃO"'.</msg>
<status status="PASS" starttime="20220509 20:41:40.210" endtime="20220509 20:41:40.286"/>
</kw>
<status status="PASS" starttime="20220509 20:41:40.105" endtime="20220509 20:41:40.286"/>
</kw>
<kw name="Feche o browser">
<kw name="Close Browser" library="SeleniumLibrary">
<doc>Closes the current browser.</doc>
<status status="PASS" starttime="20220509 20:41:40.287" endtime="20220509 20:41:42.945"/>
</kw>
<status status="PASS" starttime="20220509 20:41:40.286" endtime="20220509 20:41:42.946"/>
</kw>
<kw name="Close Browser" library="SeleniumLibrary" type="TEARDOWN">
<doc>Closes the current browser.</doc>
<status status="PASS" starttime="20220509 20:41:42.947" endtime="20220509 20:41:42.947"/>
</kw>
<tag>rapido</tag>
<status status="PASS" starttime="20220509 20:41:27.756" endtime="20220509 20:41:42.948"/>
</test>
<test id="s1-t2" name="Consulta Produto Apertando Enter" line="21">
<kw name="Dado que acesso o site como cliente">
<kw name="Open Browser" library="SeleniumLibrary">
<arg>${url}</arg>
<arg>${browser}</arg>
<doc>Opens a new browser instance to the optional ``url``.</doc>
<msg timestamp="20220509 20:41:42.952" level="INFO">Opening browser 'Chrome' to base url 'https://www.petz.com.br'.</msg>
<status status="PASS" starttime="20220509 20:41:42.951" endtime="20220509 20:41:55.636"/>
</kw>
<status status="PASS" starttime="20220509 20:41:42.951" endtime="20220509 20:41:55.636"/>
</kw>
<kw name="Quando escrevo &quot;COLEIRA&quot; na barra de pesquisa" sourcename="Quando escrevo &quot;${palavra_chave}&quot; na barra de pesquisa">
<kw name="Set Test Variable" library="BuiltIn">
<arg>${palavra_chave}</arg>
<doc>Makes a variable available everywhere within the scope of the current test.</doc>
<msg timestamp="20220509 20:41:55.638" level="INFO">${palavra_chave} = COLEIRA</msg>
<status status="PASS" starttime="20220509 20:41:55.637" endtime="20220509 20:41:55.638"/>
</kw>
<kw name="Input Text" library="SeleniumLibrary">
<arg>name = q</arg>
<arg>${palavra_chave}</arg>
<doc>Types the given ``text`` into the text field identified by ``locator``.</doc>
<msg timestamp="20220509 20:41:55.638" level="INFO">Typing text 'COLEIRA' into text field 'name = q'.</msg>
<status status="PASS" starttime="20220509 20:41:55.638" endtime="20220509 20:41:55.801"/>
</kw>
<status status="PASS" starttime="20220509 20:41:55.637" endtime="20220509 20:41:55.801"/>
</kw>
<kw name="E aperto a tecla Enter">
<kw name="Press Keys" library="SeleniumLibrary">
<arg>name = q</arg>
<arg>ENTER</arg>
<doc>Simulates the user pressing key(s) to an element or on the active browser.</doc>
<msg timestamp="20220509 20:41:55.803" level="INFO">Sending key(s) ('ENTER',) to name = q element.</msg>
<msg timestamp="20220509 20:41:56.203" level="INFO">Pressing special key ENTER to element.</msg>
<msg timestamp="20220509 20:41:56.203" level="INFO">Releasing special key ENTER.</msg>
<status status="PASS" starttime="20220509 20:41:55.802" endtime="20220509 20:41:56.225"/>
</kw>
<status status="PASS" starttime="20220509 20:41:55.802" endtime="20220509 20:41:56.225"/>
</kw>
<kw name="Entao exibe um grid e a frase do resultado esperado">
<kw name="Wait Until Element Is Enabled" library="SeleniumLibrary">
<arg>css = h1.h2Categoria.nomeCategoria</arg>
<doc>Waits until the element ``locator`` is enabled.</doc>
<status status="PASS" starttime="20220509 20:41:56.227" endtime="20220509 20:41:59.166"/>
</kw>
<kw name="Element Should Contain" library="SeleniumLibrary">
<arg>css = h1.h2Categoria.nomeCategoria</arg>
<arg>RESULTADOS PARA "${palavra_chave}"</arg>
<doc>Verifies that element ``locator`` contains text ``expected``.</doc>
<msg timestamp="20220509 20:41:59.287" level="INFO">Element 'css = h1.h2Categoria.nomeCategoria' contains text 'RESULTADOS PARA "COLEIRA"'.</msg>
<status status="PASS" starttime="20220509 20:41:59.167" endtime="20220509 20:41:59.287"/>
</kw>
<status status="PASS" starttime="20220509 20:41:56.226" endtime="20220509 20:41:59.287"/>
</kw>
<kw name="Feche o browser">
<kw name="Close Browser" library="SeleniumLibrary">
<doc>Closes the current browser.</doc>
<status status="PASS" starttime="20220509 20:41:59.290" endtime="20220509 20:42:02.535"/>
</kw>
<status status="PASS" starttime="20220509 20:41:59.290" endtime="20220509 20:42:02.536"/>
</kw>
<kw name="Close Browser" library="SeleniumLibrary" type="TEARDOWN">
<doc>Closes the current browser.</doc>
<status status="PASS" starttime="20220509 20:42:02.536" endtime="20220509 20:42:02.537"/>
</kw>
<tag>rapido</tag>
<status status="PASS" starttime="20220509 20:41:42.950" endtime="20220509 20:42:02.537"/>
</test>
<doc>Consultas no site da Petz</doc>
<status status="PASS" starttime="20220509 20:41:27.421" endtime="20220509 20:42:02.539"/>
</suite>
<statistics>
<total>
<stat pass="2" fail="0" skip="0">All Tests</stat>
</total>
<tag>
<stat pass="2" fail="0" skip="0">rapido</stat>
</tag>
<suite>
<stat pass="2" fail="0" skip="0" id="s1" name="Consulta Petz">Consulta Petz</stat>
</suite>
</statistics>
<errors>
</errors>
</robot>
