<?xml version="1.0" encoding="UTF-8"?>
<robot generator="Robot 5.0 (Python 3.8.7rc1 on win32)" generated="20220520 22:26:06.371" rpa="false" schemaversion="3">
<suite id="s1" name="Teste Cadastro Stella" source="C:\Users\Particular\PycharmProjects\133petsRobotFrameWork\teste_cadastro_stella.robot">
<test id="s1-t1" name="Cadastro Positivo" line="18">
<kw name="dado que acesso o site StellaLamour">
<kw name="Open Browser" library="SeleniumLibrary">
<arg>${URL}</arg>
<arg>${BROWSER}</arg>
<doc>Opens a new browser instance to the optional ``url``.</doc>
<msg timestamp="20220520 22:26:06.776" level="INFO">Opening browser 'chrome' to base url 'https://www.stella-lamour.com.br/'.</msg>
<status status="PASS" starttime="20220520 22:26:06.776" endtime="20220520 22:26:20.667"/>
</kw>
<kw name="Maximize Browser Window" library="SeleniumLibrary">
<doc>Maximizes current browser window.</doc>
<status status="PASS" starttime="20220520 22:26:20.667" endtime="20220520 22:26:20.806"/>
</kw>
<kw name="Sleep" library="BuiltIn">
<arg>1</arg>
<doc>Pauses the test executed for the given time.</doc>
<msg timestamp="20220520 22:26:21.807" level="INFO">Slept 1 second</msg>
<status status="PASS" starttime="20220520 22:26:20.806" endtime="20220520 22:26:21.807"/>
</kw>
<kw name="Title Should Be" library="SeleniumLibrary">
<arg>${TITULO_PAGINA}</arg>
<doc>Verifies that the current page title equals ``title``.</doc>
<msg timestamp="20220520 22:26:21.822" level="INFO">Page title is 'stella.lamour'.</msg>
<status status="PASS" starttime="20220520 22:26:21.807" endtime="20220520 22:26:21.822"/>
</kw>
<status status="PASS" starttime="20220520 22:26:06.775" endtime="20220520 22:26:21.822"/>
</kw>
<kw name="quando clico em minha conta">
<kw name="Wait Until Element Is Enabled" library="SeleniumLibrary">
<arg>xpath = //a[@class="bem-vindo cor-secundaria"]</arg>
<doc>Waits until the element ``locator`` is enabled.</doc>
<status status="PASS" starttime="20220520 22:26:21.823" endtime="20220520 22:26:21.882"/>
</kw>
<kw name="Click Element" library="SeleniumLibrary">
<arg>xpath = //a[@class="bem-vindo cor-secundaria"]</arg>
<doc>Click the element identified by ``locator``.</doc>
<msg timestamp="20220520 22:26:21.883" level="INFO">Clicking element 'xpath = //a[@class="bem-vindo cor-secundaria"]'.</msg>
<status status="PASS" starttime="20220520 22:26:21.882" endtime="20220520 22:26:22.674"/>
</kw>
<status status="PASS" starttime="20220520 22:26:21.822" endtime="20220520 22:26:22.675"/>
</kw>
<kw name="e digito o email valido para cadastrar">
<kw name="Wait Until Element Is Enabled" library="SeleniumLibrary">
<arg>xpath = //input[@class = "span8"]</arg>
<doc>Waits until the element ``locator`` is enabled.</doc>
<status status="PASS" starttime="20220520 22:26:22.678" endtime="20220520 22:26:22.725"/>
</kw>
<kw name="Input Text" library="SeleniumLibrary">
<arg>xpath = //input[@class = "span8"]</arg>
<arg>${EMAIL_VALIDO}</arg>
<doc>Types the given ``text`` into the text field identified by ``locator``.</doc>
<msg timestamp="20220520 22:26:22.726" level="INFO">Typing text 'teste12@teste.com' into text field 'xpath = //input[@class = "span8"]'.</msg>
<status status="PASS" starttime="20220520 22:26:22.725" endtime="20220520 22:26:22.865"/>
</kw>
<kw name="Click Element" library="SeleniumLibrary">
<arg>xpath = //button[contains(text(),'Cadastrar')]</arg>
<doc>Click the element identified by ``locator``.</doc>
<msg timestamp="20220520 22:26:22.865" level="INFO">Clicking element 'xpath = //button[contains(text(),'Cadastrar')]'.</msg>
<status status="PASS" starttime="20220520 22:26:22.865" endtime="20220520 22:26:24.242"/>
</kw>
<status status="PASS" starttime="20220520 22:26:22.677" endtime="20220520 22:26:24.243"/>
</kw>
<kw name="e digito o email valido para confirmar">
<kw name="Wait Until Element Is Enabled" library="SeleniumLibrary">
<arg>xpath = //input[@id= "id_confirmacao_email"]</arg>
<doc>Waits until the element ``locator`` is enabled.</doc>
<status status="PASS" starttime="20220520 22:26:24.244" endtime="20220520 22:26:24.293"/>
</kw>
<kw name="Input Text" library="SeleniumLibrary">
<arg>xpath = //input[@id= "id_confirmacao_email"]</arg>
<arg>${EMAIL_VALIDO}</arg>
<doc>Types the given ``text`` into the text field identified by ``locator``.</doc>
<msg timestamp="20220520 22:26:24.294" level="INFO">Typing text 'teste12@teste.com' into text field 'xpath = //input[@id= "id_confirmacao_email"]'.</msg>
<status status="PASS" starttime="20220520 22:26:24.294" endtime="20220520 22:26:24.439"/>
</kw>
<status status="PASS" starttime="20220520 22:26:24.243" endtime="20220520 22:26:24.439"/>
</kw>
<kw name="e digito o password valido para cadastrar">
<kw name="Wait Until Element Is Enabled" library="SeleniumLibrary">
<arg>xpath = //input[@id= "id_senha"]</arg>
<doc>Waits until the element ``locator`` is enabled.</doc>
<status status="PASS" starttime="20220520 22:26:24.441" endtime="20220520 22:26:24.513"/>
</kw>
<kw name="Input Text" library="SeleniumLibrary">
<arg>xpath = //input[@id= "id_senha"]</arg>
<arg>${TRUE_PASS}</arg>
<doc>Types the given ``text`` into the text field identified by ``locator``.</doc>
<msg timestamp="20220520 22:26:24.514" level="INFO">Typing text 'abcd123456' into text field 'xpath = //input[@id= "id_senha"]'.</msg>
<status status="PASS" starttime="20220520 22:26:24.513" endtime="20220520 22:26:24.677"/>
</kw>
<status status="PASS" starttime="20220520 22:26:24.440" endtime="20220520 22:26:24.677"/>
</kw>
<kw name="e digito o password valido para confirmar">
<kw name="Wait Until Element Is Enabled" library="SeleniumLibrary">
<arg>xpath = //input[@id= "id_confirmacao_senha"]</arg>
<doc>Waits until the element ``locator`` is enabled.</doc>
<status status="PASS" starttime="20220520 22:26:24.679" endtime="20220520 22:26:24.746"/>
</kw>
<kw name="Input Text" library="SeleniumLibrary">
<arg>xpath = //input[@id= "id_confirmacao_senha"]</arg>
<arg>${TRUE_PASS}</arg>
<doc>Types the given ``text`` into the text field identified by ``locator``.</doc>
<msg timestamp="20220520 22:26:24.747" level="INFO">Typing text 'abcd123456' into text field 'xpath = //input[@id= "id_confirmacao_senha"]'.</msg>
<status status="PASS" starttime="20220520 22:26:24.746" endtime="20220520 22:26:24.886"/>
</kw>
<status status="PASS" starttime="20220520 22:26:24.678" endtime="20220520 22:26:24.886"/>
</kw>
<kw name="e digito o nome correto do usuario">
<kw name="Wait Until Element Is Enabled" library="SeleniumLibrary">
<arg>xpath = //input[@id= "id_nome"]</arg>
<doc>Waits until the element ``locator`` is enabled.</doc>
<status status="PASS" starttime="20220520 22:26:24.887" endtime="20220520 22:26:24.934"/>
</kw>
<kw name="Input Text" library="SeleniumLibrary">
<arg>xpath = //input[@id= "id_nome"]</arg>
<arg>${USERNAME}</arg>
<doc>Types the given ``text`` into the text field identified by ``locator``.</doc>
<msg timestamp="20220520 22:26:24.935" level="INFO">Typing text 'New User Tester' into text field 'xpath = //input[@id= "id_nome"]'.</msg>
<status status="PASS" starttime="20220520 22:26:24.935" endtime="20220520 22:26:25.087"/>
</kw>
<status status="PASS" starttime="20220520 22:26:24.887" endtime="20220520 22:26:25.087"/>
</kw>
<kw name="e digito o CPF correto">
<kw name="Wait Until Element Is Enabled" library="SeleniumLibrary">
<arg>xpath = //input[@id= "id_cpf"]</arg>
<doc>Waits until the element ``locator`` is enabled.</doc>
<status status="PASS" starttime="20220520 22:26:25.088" endtime="20220520 22:26:25.136"/>
</kw>
<kw name="Input Text" library="SeleniumLibrary">
<arg>xpath = //input[@id= "id_cpf"]</arg>
<arg>${CPF_CORRETO}</arg>
<doc>Types the given ``text`` into the text field identified by ``locator``.</doc>
<msg timestamp="20220520 22:26:25.137" level="INFO">Typing text '766.108.380-97' into text field 'xpath = //input[@id= "id_cpf"]'.</msg>
<status status="PASS" starttime="20220520 22:26:25.136" endtime="20220520 22:26:25.287"/>
</kw>
<status status="PASS" starttime="20220520 22:26:25.088" endtime="20220520 22:26:25.287"/>
</kw>
<kw name="e digito o celular correto">
<kw name="Wait Until Element Is Enabled" library="SeleniumLibrary">
<arg>xpath = //input[@id= "id_telefone_celular"]</arg>
<doc>Waits until the element ``locator`` is enabled.</doc>
<status status="PASS" starttime="20220520 22:26:25.288" endtime="20220520 22:26:25.333"/>
</kw>
<kw name="Input Text" library="SeleniumLibrary">
<arg>xpath = //input[@id= "id_telefone_celular"]</arg>
<arg>${CEL}</arg>
<doc>Types the given ``text`` into the text field identified by ``locator``.</doc>
<msg timestamp="20220520 22:26:25.334" level="INFO">Typing text '(19)911112224' into text field 'xpath = //input[@id= "id_telefone_celular"]'.</msg>
<status status="PASS" starttime="20220520 22:26:25.333" endtime="20220520 22:26:25.501"/>
</kw>
<status status="PASS" starttime="20220520 22:26:25.288" endtime="20220520 22:26:25.502"/>
</kw>
<kw name="e seleciono o sexo masculino">
<kw name="Select From List By Value" library="SeleniumLibrary">
<arg>name = sexo</arg>
<arg>m</arg>
<doc>Selects options from selection list ``locator`` by ``values``.</doc>
<msg timestamp="20220520 22:26:25.504" level="INFO">Selecting options from selection list 'name = sexo' by value m.</msg>
<status status="PASS" starttime="20220520 22:26:25.503" endtime="20220520 22:26:25.627"/>
</kw>
<status status="PASS" starttime="20220520 22:26:25.502" endtime="20220520 22:26:25.627"/>
</kw>
<kw name="e digito a data de nascimento">
<kw name="Wait Until Element Is Enabled" library="SeleniumLibrary">
<arg>xpath = //input[@id= "id_data_nascimento"]</arg>
<doc>Waits until the element ``locator`` is enabled.</doc>
<status status="PASS" starttime="20220520 22:26:25.628" endtime="20220520 22:26:25.682"/>
</kw>
<kw name="Input Text" library="SeleniumLibrary">
<arg>xpath = //input[@id= "id_data_nascimento"]</arg>
<arg>${NASCIMENTO}</arg>
<doc>Types the given ``text`` into the text field identified by ``locator``.</doc>
<msg timestamp="20220520 22:26:25.683" level="INFO">Typing text '31/05/1993' into text field 'xpath = //input[@id= "id_data_nascimento"]'.</msg>
<status status="PASS" starttime="20220520 22:26:25.682" endtime="20220520 22:26:25.821"/>
</kw>
<status status="PASS" starttime="20220520 22:26:25.628" endtime="20220520 22:26:25.821"/>
</kw>
<kw name="e digito o endereco com o CEP e numero de residencia corretos">
<kw name="Wait Until Element Is Visible" library="SeleniumLibrary">
<arg>xpath = //input[@id= "id_cep"]</arg>
<doc>Waits until the element ``locator`` is visible.</doc>
<status status="PASS" starttime="20220520 22:26:25.822" endtime="20220520 22:26:25.863"/>
</kw>
<kw name="Input Text" library="SeleniumLibrary">
<arg>xpath = //input[@id= "id_cep"]</arg>
<arg>${CEP}</arg>
<doc>Types the given ``text`` into the text field identified by ``locator``.</doc>
<msg timestamp="20220520 22:26:25.863" level="INFO">Typing text '13477-460' into text field 'xpath = //input[@id= "id_cep"]'.</msg>
<status status="PASS" starttime="20220520 22:26:25.863" endtime="20220520 22:26:26.001"/>
</kw>
<kw name="Wait Until Element Is Visible" library="SeleniumLibrary">
<arg>xpath = //input[@id= "id_numero"]</arg>
<doc>Waits until the element ``locator`` is visible.</doc>
<status status="PASS" starttime="20220520 22:26:26.001" endtime="20220520 22:26:26.048"/>
</kw>
<kw name="Input Text" library="SeleniumLibrary">
<arg>xpath = //input[@id= "id_numero"]</arg>
<arg>${NUM}</arg>
<doc>Types the given ``text`` into the text field identified by ``locator``.</doc>
<msg timestamp="20220520 22:26:26.049" level="INFO">Typing text '998' into text field 'xpath = //input[@id= "id_numero"]'.</msg>
<status status="PASS" starttime="20220520 22:26:26.048" endtime="20220520 22:26:26.167"/>
</kw>
<status status="PASS" starttime="20220520 22:26:25.821" endtime="20220520 22:26:26.167"/>
</kw>
<kw name="e clico em criar conta">
<kw name="Sleep" library="BuiltIn">
<arg>2</arg>
<doc>Pauses the test executed for the given time.</doc>
<msg timestamp="20220520 22:26:28.168" level="INFO">Slept 2 seconds</msg>
<status status="PASS" starttime="20220520 22:26:26.168" endtime="20220520 22:26:28.168"/>
</kw>
<kw name="Wait Until Element Is Enabled" library="SeleniumLibrary">
<arg>xpath = //button[contains(text(),'Criar Conta')]</arg>
<doc>Waits until the element ``locator`` is enabled.</doc>
<status status="PASS" starttime="20220520 22:26:28.168" endtime="20220520 22:26:28.210"/>
</kw>
<kw name="Click Button" library="SeleniumLibrary">
<arg>xpath = //button[contains(text(),'Criar Conta')]</arg>
<doc>Clicks the button identified by ``locator``.</doc>
<msg timestamp="20220520 22:26:28.211" level="INFO">Clicking button 'xpath = //button[contains(text(),'Criar Conta')]'.</msg>
<status status="PASS" starttime="20220520 22:26:28.211" endtime="20220520 22:26:29.913"/>
</kw>
<status status="PASS" starttime="20220520 22:26:26.168" endtime="20220520 22:26:29.913"/>
</kw>
<kw name="entao devera aparecer a mensagem &quot;Cliente criado com sucesso.&quot;">
<kw name="Wait Until Element Is Enabled" library="SeleniumLibrary">
<arg>css = div.alert.alert-success.alert-geral</arg>
<arg>30000ms</arg>
<doc>Waits until the element ``locator`` is enabled.</doc>
<status status="PASS" starttime="20220520 22:26:29.914" endtime="20220520 22:26:29.960"/>
</kw>
<kw name="Element Should Contain" library="SeleniumLibrary">
<arg>css = div.alert.alert-success.alert-geral</arg>
<arg>Cliente criado com sucesso.</arg>
<doc>Verifies that element ``locator`` contains text ``expected``.</doc>
<msg timestamp="20220520 22:26:29.992" level="INFO">Element 'css = div.alert.alert-success.alert-geral' contains text 'Cliente criado com sucesso.'.</msg>
<status status="PASS" starttime="20220520 22:26:29.961" endtime="20220520 22:26:29.992"/>
</kw>
<status status="PASS" starttime="20220520 22:26:29.914" endtime="20220520 22:26:29.992"/>
</kw>
<kw name="e devera aparecer o nome do usuario na tela.">
<kw name="Wait Until Element Is Enabled" library="SeleniumLibrary">
<arg>xpath = //span[@class="nome-usuario titulo cor-secundaria borda-alpha"]</arg>
<arg>30000ms</arg>
<doc>Waits until the element ``locator`` is enabled.</doc>
<status status="PASS" starttime="20220520 22:26:29.993" endtime="20220520 22:26:30.032"/>
</kw>
<kw name="Element Should Contain" library="SeleniumLibrary">
<arg>xpath = //span[@class="nome-usuario titulo cor-secundaria borda-alpha"]</arg>
<arg>${USERNAME}</arg>
<doc>Verifies that element ``locator`` contains text ``expected``.</doc>
<msg timestamp="20220520 22:26:30.055" level="INFO">Element 'xpath = //span[@class="nome-usuario titulo cor-secundaria borda-alpha"]' contains text 'New User Tester'.</msg>
<status status="PASS" starttime="20220520 22:26:30.033" endtime="20220520 22:26:30.055"/>
</kw>
<kw name="Close Browser" library="SeleniumLibrary">
<doc>Closes the current browser.</doc>
<status status="PASS" starttime="20220520 22:26:30.055" endtime="20220520 22:26:32.433"/>
</kw>
<status status="PASS" starttime="20220520 22:26:29.993" endtime="20220520 22:26:32.433"/>
</kw>
<status status="PASS" starttime="20220520 22:26:06.774" endtime="20220520 22:26:32.434"/>
</test>
<status status="PASS" starttime="20220520 22:26:06.376" endtime="20220520 22:26:32.436"/>
</suite>
<statistics>
<total>
<stat pass="1" fail="0" skip="0">All Tests</stat>
</total>
<tag>
</tag>
<suite>
<stat pass="1" fail="0" skip="0" id="s1" name="Teste Cadastro Stella">Teste Cadastro Stella</stat>
</suite>
</statistics>
<errors>
</errors>
</robot>
