<?xml version="1.0" encoding="UTF-8"?>
<robot generator="Robot 5.0 (Python 3.8.7rc1 on win32)" generated="20220427 21:49:44.233" rpa="false" schemaversion="3">
<suite id="s1" name="Consulta Petz" source="C:\Users\Particular\PycharmProjects\133petsRobotFrameWork\consulta_petz.robot">
<test id="s1-t1" name="Consulta Produto com Clique na Lupa" line="13">
<kw name="Dado que acesso o site como cliente">
<kw name="Open Browser" library="SeleniumLibrary">
<arg>${url}</arg>
<arg>${browser}</arg>
<doc>Opens a new browser instance to the optional ``url``.</doc>
<msg timestamp="20220427 21:49:44.572" level="INFO">Opening browser 'Chrome' to base url 'https://www.petz.com.br'.</msg>
<status status="PASS" starttime="20220427 21:49:44.571" endtime="20220427 21:49:53.181"/>
</kw>
<status status="PASS" starttime="20220427 21:49:44.571" endtime="20220427 21:49:53.181"/>
</kw>
<kw name="Quando escrevo &quot;RAÇÃO&quot; na barra de pesquisa" sourcename="Quando escrevo &quot;${palavra_chave}&quot; na barra de pesquisa">
<kw name="Set Test Variable" library="BuiltIn">
<arg>${palavra_chave}</arg>
<doc>Makes a variable available everywhere within the scope of the current test.</doc>
<msg timestamp="20220427 21:49:53.183" level="INFO">${palavra_chave} = RAÇÃO</msg>
<status status="PASS" starttime="20220427 21:49:53.183" endtime="20220427 21:49:53.183"/>
</kw>
<kw name="Input Text" library="SeleniumLibrary">
<arg>name = q</arg>
<arg>${palavra_chave}</arg>
<doc>Types the given ``text`` into the text field identified by ``locator``.</doc>
<msg timestamp="20220427 21:49:53.184" level="INFO">Typing text 'RAÇÃO' into text field 'name = q'.</msg>
<status status="PASS" starttime="20220427 21:49:53.183" endtime="20220427 21:49:53.319"/>
</kw>
<status status="PASS" starttime="20220427 21:49:53.182" endtime="20220427 21:49:53.319"/>
</kw>
<kw name="E clico no botao da lupa">
<kw name="Click Button" library="SeleniumLibrary">
<arg>class = button-search</arg>
<doc>Clicks the button identified by ``locator``.</doc>
<msg timestamp="20220427 21:49:53.320" level="INFO">Clicking button 'class = button-search'.</msg>
<status status="PASS" starttime="20220427 21:49:53.320" endtime="20220427 21:49:56.700"/>
</kw>
<status status="PASS" starttime="20220427 21:49:53.319" endtime="20220427 21:49:56.701"/>
</kw>
<kw name="Entao exibe um grid e a frase do resultado esperado">
<kw name="Element Should Contain" library="SeleniumLibrary">
<arg>css = h1.h2Categoria.nomeCategoria</arg>
<arg>RESULTADOS PARA "${palavra_chave}"</arg>
<doc>Verifies that element ``locator`` contains text ``expected``.</doc>
<msg timestamp="20220427 21:49:56.811" level="INFO">Element 'css = h1.h2Categoria.nomeCategoria' contains text 'RESULTADOS PARA "RAÇÃO"'.</msg>
<status status="PASS" starttime="20220427 21:49:56.702" endtime="20220427 21:49:56.812"/>
</kw>
<status status="PASS" starttime="20220427 21:49:56.701" endtime="20220427 21:49:56.812"/>
</kw>
<kw name="Feche o browser">
<kw name="Close Browser" library="SeleniumLibrary">
<doc>Closes the current browser.</doc>
<status status="PASS" starttime="20220427 21:49:56.813" endtime="20220427 21:49:58.998"/>
</kw>
<status status="PASS" starttime="20220427 21:49:56.812" endtime="20220427 21:49:58.998"/>
</kw>
<kw name="Close Browser" library="SeleniumLibrary" type="TEARDOWN">
<doc>Closes the current browser.</doc>
<status status="PASS" starttime="20220427 21:49:58.999" endtime="20220427 21:49:58.999"/>
</kw>
<tag>rapido</tag>
<status status="PASS" starttime="20220427 21:49:44.570" endtime="20220427 21:49:59.000"/>
</test>
<test id="s1-t2" name="Consulta Produto Apertando Enter" line="21">
<kw name="Dado que acesso o site como cliente">
<kw name="Open Browser" library="SeleniumLibrary">
<arg>${url}</arg>
<arg>${browser}</arg>
<doc>Opens a new browser instance to the optional ``url``.</doc>
<msg timestamp="20220427 21:49:59.002" level="INFO">Opening browser 'Chrome' to base url 'https://www.petz.com.br'.</msg>
<status status="PASS" starttime="20220427 21:49:59.002" endtime="20220427 21:50:08.757"/>
</kw>
<status status="PASS" starttime="20220427 21:49:59.002" endtime="20220427 21:50:08.757"/>
</kw>
<kw name="Quando escrevo &quot;COLEIRA&quot; na barra de pesquisa" sourcename="Quando escrevo &quot;${palavra_chave}&quot; na barra de pesquisa">
<kw name="Set Test Variable" library="BuiltIn">
<arg>${palavra_chave}</arg>
<doc>Makes a variable available everywhere within the scope of the current test.</doc>
<msg timestamp="20220427 21:50:08.759" level="INFO">${palavra_chave} = COLEIRA</msg>
<status status="PASS" starttime="20220427 21:50:08.758" endtime="20220427 21:50:08.759"/>
</kw>
<kw name="Input Text" library="SeleniumLibrary">
<arg>name = q</arg>
<arg>${palavra_chave}</arg>
<doc>Types the given ``text`` into the text field identified by ``locator``.</doc>
<msg timestamp="20220427 21:50:08.759" level="INFO">Typing text 'COLEIRA' into text field 'name = q'.</msg>
<status status="PASS" starttime="20220427 21:50:08.759" endtime="20220427 21:50:09.144"/>
</kw>
<status status="PASS" starttime="20220427 21:50:08.758" endtime="20220427 21:50:09.144"/>
</kw>
<kw name="E aperto a tecla Enter">
<kw name="Press Keys" library="SeleniumLibrary">
<arg>name = q</arg>
<arg>ENTER</arg>
<doc>Simulates the user pressing key(s) to an element or on the active browser.</doc>
<msg timestamp="20220427 21:50:09.146" level="INFO">Sending key(s) ('ENTER',) to name = q element.</msg>
<msg timestamp="20220427 21:50:09.676" level="INFO">Pressing special key ENTER to element.</msg>
<msg timestamp="20220427 21:50:09.676" level="INFO">Releasing special key ENTER.</msg>
<status status="PASS" starttime="20220427 21:50:09.145" endtime="20220427 21:50:12.540"/>
</kw>
<status status="PASS" starttime="20220427 21:50:09.145" endtime="20220427 21:50:12.540"/>
</kw>
<kw name="Entao exibe um grid e a frase do resultado esperado">
<kw name="Element Should Contain" library="SeleniumLibrary">
<arg>css = h1.h2Categoria.nomeCategoria</arg>
<arg>RESULTADOS PARA "${palavra_chave}"</arg>
<doc>Verifies that element ``locator`` contains text ``expected``.</doc>
<msg timestamp="20220427 21:50:12.706" level="INFO">Element 'css = h1.h2Categoria.nomeCategoria' contains text 'RESULTADOS PARA "COLEIRA"'.</msg>
<status status="PASS" starttime="20220427 21:50:12.542" endtime="20220427 21:50:12.706"/>
</kw>
<status status="PASS" starttime="20220427 21:50:12.541" endtime="20220427 21:50:12.706"/>
</kw>
<kw name="Feche o browser">
<kw name="Close Browser" library="SeleniumLibrary">
<doc>Closes the current browser.</doc>
<status status="PASS" starttime="20220427 21:50:12.707" endtime="20220427 21:50:14.956"/>
</kw>
<status status="PASS" starttime="20220427 21:50:12.707" endtime="20220427 21:50:14.956"/>
</kw>
<kw name="Close Browser" library="SeleniumLibrary" type="TEARDOWN">
<doc>Closes the current browser.</doc>
<status status="PASS" starttime="20220427 21:50:14.957" endtime="20220427 21:50:14.957"/>
</kw>
<tag>rapido</tag>
<status status="PASS" starttime="20220427 21:49:59.001" endtime="20220427 21:50:14.958"/>
</test>
<doc>Consultas no site da Petz</doc>
<status status="PASS" starttime="20220427 21:49:44.235" endtime="20220427 21:50:14.959"/>
</suite>
<statistics>
<total>
<stat pass="2" fail="0" skip="0">All Tests</stat>
</total>
<tag>
<stat pass="2" fail="0" skip="0">rapido</stat>
</tag>
<suite>
<stat pass="2" fail="0" skip="0" id="s1" name="Consulta Petz">Consulta Petz</stat>
</suite>
</statistics>
<errors>
</errors>
</robot>
