<?xml version="1.0" encoding="UTF-8"?>
<robot generator="Robot 5.0 (Python 3.8.7rc1 on win32)" generated="20220520 23:31:34.182" rpa="false" schemaversion="3">
<suite id="s1" name="Teste Cadastro Stella" source="C:\Users\Particular\PycharmProjects\133petsRobotFrameWork\teste_cadastro_stella.robot">
<test id="s1-t1" name="CENARIO 1 - Cadastro Positivo" line="20">
<kw name="dado que acesso o site StellaLamour">
<kw name="Open Browser" library="SeleniumLibrary">
<arg>${URL}</arg>
<arg>${BROWSER}</arg>
<doc>Opens a new browser instance to the optional ``url``.</doc>
<msg timestamp="20220520 23:31:34.584" level="INFO">Opening browser 'chrome' to base url 'https://www.stella-lamour.com.br/'.</msg>
<status status="PASS" starttime="20220520 23:31:34.584" endtime="20220520 23:31:41.970"/>
</kw>
<kw name="Maximize Browser Window" library="SeleniumLibrary">
<doc>Maximizes current browser window.</doc>
<status status="PASS" starttime="20220520 23:31:41.971" endtime="20220520 23:31:42.168"/>
</kw>
<kw name="Sleep" library="BuiltIn">
<arg>1</arg>
<doc>Pauses the test executed for the given time.</doc>
<msg timestamp="20220520 23:31:43.169" level="INFO">Slept 1 second</msg>
<status status="PASS" starttime="20220520 23:31:42.168" endtime="20220520 23:31:43.169"/>
</kw>
<kw name="Title Should Be" library="SeleniumLibrary">
<arg>${TITULO_PAGINA}</arg>
<doc>Verifies that the current page title equals ``title``.</doc>
<msg timestamp="20220520 23:31:43.190" level="INFO">Page title is 'stella.lamour'.</msg>
<status status="PASS" starttime="20220520 23:31:43.169" endtime="20220520 23:31:43.190"/>
</kw>
<status status="PASS" starttime="20220520 23:31:34.583" endtime="20220520 23:31:43.190"/>
</kw>
<kw name="quando clico em minha conta">
<kw name="Wait Until Element Is Enabled" library="SeleniumLibrary">
<arg>xpath = //a[@class="bem-vindo cor-secundaria"]</arg>
<doc>Waits until the element ``locator`` is enabled.</doc>
<status status="PASS" starttime="20220520 23:31:43.192" endtime="20220520 23:31:43.244"/>
</kw>
<kw name="Click Element" library="SeleniumLibrary">
<arg>xpath = //a[@class="bem-vindo cor-secundaria"]</arg>
<doc>Click the element identified by ``locator``.</doc>
<msg timestamp="20220520 23:31:43.244" level="INFO">Clicking element 'xpath = //a[@class="bem-vindo cor-secundaria"]'.</msg>
<status status="PASS" starttime="20220520 23:31:43.244" endtime="20220520 23:31:43.886"/>
</kw>
<status status="PASS" starttime="20220520 23:31:43.191" endtime="20220520 23:31:43.886"/>
</kw>
<kw name="e digito o email valido para cadastrar">
<kw name="Wait Until Element Is Enabled" library="SeleniumLibrary">
<arg>xpath = //input[@class = "span8"]</arg>
<doc>Waits until the element ``locator`` is enabled.</doc>
<status status="PASS" starttime="20220520 23:31:43.888" endtime="20220520 23:31:43.933"/>
</kw>
<kw name="Input Text" library="SeleniumLibrary">
<arg>xpath = //input[@class = "span8"]</arg>
<arg>${EMAIL_VALIDO}</arg>
<doc>Types the given ``text`` into the text field identified by ``locator``.</doc>
<msg timestamp="20220520 23:31:43.934" level="INFO">Typing text 'teste12345@teste.com' into text field 'xpath = //input[@class = "span8"]'.</msg>
<status status="PASS" starttime="20220520 23:31:43.933" endtime="20220520 23:31:44.097"/>
</kw>
<kw name="Click Element" library="SeleniumLibrary">
<arg>xpath = //button[contains(text(),'Cadastrar')]</arg>
<doc>Click the element identified by ``locator``.</doc>
<msg timestamp="20220520 23:31:44.098" level="INFO">Clicking element 'xpath = //button[contains(text(),'Cadastrar')]'.</msg>
<status status="PASS" starttime="20220520 23:31:44.098" endtime="20220520 23:31:44.896"/>
</kw>
<status status="PASS" starttime="20220520 23:31:43.887" endtime="20220520 23:31:44.897"/>
</kw>
<kw name="e digito o email valido para confirmar">
<kw name="Wait Until Element Is Enabled" library="SeleniumLibrary">
<arg>xpath = //input[@id= "id_confirmacao_email"]</arg>
<doc>Waits until the element ``locator`` is enabled.</doc>
<status status="PASS" starttime="20220520 23:31:44.898" endtime="20220520 23:31:44.940"/>
</kw>
<kw name="Input Text" library="SeleniumLibrary">
<arg>xpath = //input[@id= "id_confirmacao_email"]</arg>
<arg>${EMAIL_VALIDO}</arg>
<doc>Types the given ``text`` into the text field identified by ``locator``.</doc>
<msg timestamp="20220520 23:31:44.941" level="INFO">Typing text 'teste12345@teste.com' into text field 'xpath = //input[@id= "id_confirmacao_email"]'.</msg>
<status status="PASS" starttime="20220520 23:31:44.940" endtime="20220520 23:31:45.327"/>
</kw>
<status status="PASS" starttime="20220520 23:31:44.897" endtime="20220520 23:31:45.327"/>
</kw>
<kw name="e digito o password valido para cadastrar">
<kw name="Wait Until Element Is Enabled" library="SeleniumLibrary">
<arg>xpath = //input[@id= "id_senha"]</arg>
<doc>Waits until the element ``locator`` is enabled.</doc>
<status status="PASS" starttime="20220520 23:31:45.329" endtime="20220520 23:31:45.370"/>
</kw>
<kw name="Input Text" library="SeleniumLibrary">
<arg>xpath = //input[@id= "id_senha"]</arg>
<arg>${TRUE_PASS}</arg>
<doc>Types the given ``text`` into the text field identified by ``locator``.</doc>
<msg timestamp="20220520 23:31:45.371" level="INFO">Typing text 'abcd123456' into text field 'xpath = //input[@id= "id_senha"]'.</msg>
<status status="PASS" starttime="20220520 23:31:45.370" endtime="20220520 23:31:45.511"/>
</kw>
<status status="PASS" starttime="20220520 23:31:45.328" endtime="20220520 23:31:45.512"/>
</kw>
<kw name="e digito o password valido para confirmar">
<kw name="Wait Until Element Is Enabled" library="SeleniumLibrary">
<arg>xpath = //input[@id= "id_confirmacao_senha"]</arg>
<doc>Waits until the element ``locator`` is enabled.</doc>
<status status="PASS" starttime="20220520 23:31:45.512" endtime="20220520 23:31:45.593"/>
</kw>
<kw name="Input Text" library="SeleniumLibrary">
<arg>xpath = //input[@id= "id_confirmacao_senha"]</arg>
<arg>${TRUE_PASS}</arg>
<doc>Types the given ``text`` into the text field identified by ``locator``.</doc>
<msg timestamp="20220520 23:31:45.594" level="INFO">Typing text 'abcd123456' into text field 'xpath = //input[@id= "id_confirmacao_senha"]'.</msg>
<status status="PASS" starttime="20220520 23:31:45.593" endtime="20220520 23:31:45.715"/>
</kw>
<status status="PASS" starttime="20220520 23:31:45.512" endtime="20220520 23:31:45.715"/>
</kw>
<kw name="e digito o nome correto do usuario">
<kw name="Wait Until Element Is Enabled" library="SeleniumLibrary">
<arg>xpath = //input[@id= "id_nome"]</arg>
<doc>Waits until the element ``locator`` is enabled.</doc>
<status status="PASS" starttime="20220520 23:31:45.716" endtime="20220520 23:31:45.761"/>
</kw>
<kw name="Input Text" library="SeleniumLibrary">
<arg>xpath = //input[@id= "id_nome"]</arg>
<arg>${USERNAME}</arg>
<doc>Types the given ``text`` into the text field identified by ``locator``.</doc>
<msg timestamp="20220520 23:31:45.761" level="INFO">Typing text 'New User Tester' into text field 'xpath = //input[@id= "id_nome"]'.</msg>
<status status="PASS" starttime="20220520 23:31:45.761" endtime="20220520 23:31:45.902"/>
</kw>
<status status="PASS" starttime="20220520 23:31:45.715" endtime="20220520 23:31:45.903"/>
</kw>
<kw name="e digito o CPF correto">
<kw name="Wait Until Element Is Enabled" library="SeleniumLibrary">
<arg>xpath = //input[@id= "id_cpf"]</arg>
<doc>Waits until the element ``locator`` is enabled.</doc>
<status status="PASS" starttime="20220520 23:31:45.904" endtime="20220520 23:31:45.952"/>
</kw>
<kw name="Input Text" library="SeleniumLibrary">
<arg>xpath = //input[@id= "id_cpf"]</arg>
<arg>${CPF_CORRETO}</arg>
<doc>Types the given ``text`` into the text field identified by ``locator``.</doc>
<msg timestamp="20220520 23:31:45.953" level="INFO">Typing text '188.917.550-10' into text field 'xpath = //input[@id= "id_cpf"]'.</msg>
<status status="PASS" starttime="20220520 23:31:45.952" endtime="20220520 23:31:46.100"/>
</kw>
<status status="PASS" starttime="20220520 23:31:45.903" endtime="20220520 23:31:46.100"/>
</kw>
<kw name="e digito o celular correto">
<kw name="Wait Until Element Is Enabled" library="SeleniumLibrary">
<arg>xpath = //input[@id= "id_telefone_celular"]</arg>
<doc>Waits until the element ``locator`` is enabled.</doc>
<status status="PASS" starttime="20220520 23:31:46.102" endtime="20220520 23:31:46.153"/>
</kw>
<kw name="Input Text" library="SeleniumLibrary">
<arg>xpath = //input[@id= "id_telefone_celular"]</arg>
<arg>${CEL}</arg>
<doc>Types the given ``text`` into the text field identified by ``locator``.</doc>
<msg timestamp="20220520 23:31:46.154" level="INFO">Typing text '(19)911112224' into text field 'xpath = //input[@id= "id_telefone_celular"]'.</msg>
<status status="PASS" starttime="20220520 23:31:46.154" endtime="20220520 23:31:46.313"/>
</kw>
<status status="PASS" starttime="20220520 23:31:46.101" endtime="20220520 23:31:46.313"/>
</kw>
<kw name="e seleciono o sexo masculino">
<kw name="Select From List By Value" library="SeleniumLibrary">
<arg>name = sexo</arg>
<arg>m</arg>
<doc>Selects options from selection list ``locator`` by ``values``.</doc>
<msg timestamp="20220520 23:31:46.315" level="INFO">Selecting options from selection list 'name = sexo' by value m.</msg>
<status status="PASS" starttime="20220520 23:31:46.315" endtime="20220520 23:31:46.424"/>
</kw>
<status status="PASS" starttime="20220520 23:31:46.314" endtime="20220520 23:31:46.424"/>
</kw>
<kw name="e digito a data de nascimento">
<kw name="Wait Until Element Is Enabled" library="SeleniumLibrary">
<arg>xpath = //input[@id= "id_data_nascimento"]</arg>
<doc>Waits until the element ``locator`` is enabled.</doc>
<status status="PASS" starttime="20220520 23:31:46.425" endtime="20220520 23:31:46.472"/>
</kw>
<kw name="Input Text" library="SeleniumLibrary">
<arg>xpath = //input[@id= "id_data_nascimento"]</arg>
<arg>${NASCIMENTO}</arg>
<doc>Types the given ``text`` into the text field identified by ``locator``.</doc>
<msg timestamp="20220520 23:31:46.472" level="INFO">Typing text '31/05/1993' into text field 'xpath = //input[@id= "id_data_nascimento"]'.</msg>
<status status="PASS" starttime="20220520 23:31:46.472" endtime="20220520 23:31:46.613"/>
</kw>
<status status="PASS" starttime="20220520 23:31:46.425" endtime="20220520 23:31:46.613"/>
</kw>
<kw name="e digito o endereco com o CEP e numero de residencia corretos">
<kw name="Wait Until Element Is Visible" library="SeleniumLibrary">
<arg>xpath = //input[@id= "id_cep"]</arg>
<doc>Waits until the element ``locator`` is visible.</doc>
<status status="PASS" starttime="20220520 23:31:46.614" endtime="20220520 23:31:46.659"/>
</kw>
<kw name="Input Text" library="SeleniumLibrary">
<arg>xpath = //input[@id= "id_cep"]</arg>
<arg>${CEP}</arg>
<doc>Types the given ``text`` into the text field identified by ``locator``.</doc>
<msg timestamp="20220520 23:31:46.659" level="INFO">Typing text '13477-460' into text field 'xpath = //input[@id= "id_cep"]'.</msg>
<status status="PASS" starttime="20220520 23:31:46.659" endtime="20220520 23:31:46.839"/>
</kw>
<kw name="Wait Until Element Is Visible" library="SeleniumLibrary">
<arg>xpath = //input[@id= "id_numero"]</arg>
<doc>Waits until the element ``locator`` is visible.</doc>
<status status="PASS" starttime="20220520 23:31:46.839" endtime="20220520 23:31:46.875"/>
</kw>
<kw name="Input Text" library="SeleniumLibrary">
<arg>xpath = //input[@id= "id_numero"]</arg>
<arg>${NUM}</arg>
<doc>Types the given ``text`` into the text field identified by ``locator``.</doc>
<msg timestamp="20220520 23:31:46.876" level="INFO">Typing text '998' into text field 'xpath = //input[@id= "id_numero"]'.</msg>
<status status="PASS" starttime="20220520 23:31:46.876" endtime="20220520 23:31:46.991"/>
</kw>
<status status="PASS" starttime="20220520 23:31:46.614" endtime="20220520 23:31:46.991"/>
</kw>
<kw name="e clico em criar conta">
<kw name="Sleep" library="BuiltIn">
<arg>2</arg>
<doc>Pauses the test executed for the given time.</doc>
<msg timestamp="20220520 23:31:48.992" level="INFO">Slept 2 seconds</msg>
<status status="PASS" starttime="20220520 23:31:46.992" endtime="20220520 23:31:48.992"/>
</kw>
<kw name="Wait Until Element Is Enabled" library="SeleniumLibrary">
<arg>xpath = //button[contains(text(),'Criar Conta')]</arg>
<doc>Waits until the element ``locator`` is enabled.</doc>
<status status="PASS" starttime="20220520 23:31:48.992" endtime="20220520 23:31:49.034"/>
</kw>
<kw name="Click Button" library="SeleniumLibrary">
<arg>xpath = //button[contains(text(),'Criar Conta')]</arg>
<doc>Clicks the button identified by ``locator``.</doc>
<msg timestamp="20220520 23:31:49.035" level="INFO">Clicking button 'xpath = //button[contains(text(),'Criar Conta')]'.</msg>
<status status="PASS" starttime="20220520 23:31:49.035" endtime="20220520 23:31:50.489"/>
</kw>
<status status="PASS" starttime="20220520 23:31:46.991" endtime="20220520 23:31:50.489"/>
</kw>
<kw name="entao devera aparecer a mensagem &quot;Cliente criado com sucesso.&quot;">
<kw name="Wait Until Element Is Enabled" library="SeleniumLibrary">
<arg>css = div.alert.alert-success.alert-geral</arg>
<arg>30000ms</arg>
<doc>Waits until the element ``locator`` is enabled.</doc>
<status status="PASS" starttime="20220520 23:31:50.490" endtime="20220520 23:31:50.533"/>
</kw>
<kw name="Element Should Contain" library="SeleniumLibrary">
<arg>css = div.alert.alert-success.alert-geral</arg>
<arg>Cliente criado com sucesso.</arg>
<doc>Verifies that element ``locator`` contains text ``expected``.</doc>
<msg timestamp="20220520 23:31:50.562" level="INFO">Element 'css = div.alert.alert-success.alert-geral' contains text 'Cliente criado com sucesso.'.</msg>
<status status="PASS" starttime="20220520 23:31:50.533" endtime="20220520 23:31:50.563"/>
</kw>
<status status="PASS" starttime="20220520 23:31:50.490" endtime="20220520 23:31:50.563"/>
</kw>
<kw name="e devera aparecer o nome do usuario na tela.">
<kw name="Wait Until Element Is Enabled" library="SeleniumLibrary">
<arg>xpath = //span[@class="nome-usuario titulo cor-secundaria borda-alpha"]</arg>
<arg>30000ms</arg>
<doc>Waits until the element ``locator`` is enabled.</doc>
<status status="PASS" starttime="20220520 23:31:50.564" endtime="20220520 23:31:50.600"/>
</kw>
<kw name="Element Should Contain" library="SeleniumLibrary">
<arg>xpath = //span[@class="nome-usuario titulo cor-secundaria borda-alpha"]</arg>
<arg>${USERNAME}</arg>
<doc>Verifies that element ``locator`` contains text ``expected``.</doc>
<msg timestamp="20220520 23:31:50.631" level="INFO">Element 'xpath = //span[@class="nome-usuario titulo cor-secundaria borda-alpha"]' contains text 'New User Tester'.</msg>
<status status="PASS" starttime="20220520 23:31:50.600" endtime="20220520 23:31:50.631"/>
</kw>
<kw name="Close Browser" library="SeleniumLibrary">
<doc>Closes the current browser.</doc>
<status status="PASS" starttime="20220520 23:31:50.631" endtime="20220520 23:31:52.810"/>
</kw>
<status status="PASS" starttime="20220520 23:31:50.563" endtime="20220520 23:31:52.810"/>
</kw>
<status status="PASS" starttime="20220520 23:31:34.582" endtime="20220520 23:31:52.811"/>
</test>
<test id="s1-t2" name="CENARIO 2 - Cadastro Negativo - Usuário existente" line="37">
<kw name="dado que acesso o site StellaLamour">
<kw name="Open Browser" library="SeleniumLibrary">
<arg>${URL}</arg>
<arg>${BROWSER}</arg>
<doc>Opens a new browser instance to the optional ``url``.</doc>
<msg timestamp="20220520 23:31:52.815" level="INFO">Opening browser 'chrome' to base url 'https://www.stella-lamour.com.br/'.</msg>
<status status="PASS" starttime="20220520 23:31:52.814" endtime="20220520 23:31:59.752"/>
</kw>
<kw name="Maximize Browser Window" library="SeleniumLibrary">
<doc>Maximizes current browser window.</doc>
<status status="PASS" starttime="20220520 23:31:59.753" endtime="20220520 23:31:59.885"/>
</kw>
<kw name="Sleep" library="BuiltIn">
<arg>1</arg>
<doc>Pauses the test executed for the given time.</doc>
<msg timestamp="20220520 23:32:00.885" level="INFO">Slept 1 second</msg>
<status status="PASS" starttime="20220520 23:31:59.885" endtime="20220520 23:32:00.885"/>
</kw>
<kw name="Title Should Be" library="SeleniumLibrary">
<arg>${TITULO_PAGINA}</arg>
<doc>Verifies that the current page title equals ``title``.</doc>
<msg timestamp="20220520 23:32:00.903" level="INFO">Page title is 'stella.lamour'.</msg>
<status status="PASS" starttime="20220520 23:32:00.885" endtime="20220520 23:32:00.903"/>
</kw>
<status status="PASS" starttime="20220520 23:31:52.814" endtime="20220520 23:32:00.903"/>
</kw>
<kw name="quando clico em minha conta">
<kw name="Wait Until Element Is Enabled" library="SeleniumLibrary">
<arg>xpath = //a[@class="bem-vindo cor-secundaria"]</arg>
<doc>Waits until the element ``locator`` is enabled.</doc>
<status status="PASS" starttime="20220520 23:32:00.905" endtime="20220520 23:32:00.958"/>
</kw>
<kw name="Click Element" library="SeleniumLibrary">
<arg>xpath = //a[@class="bem-vindo cor-secundaria"]</arg>
<doc>Click the element identified by ``locator``.</doc>
<msg timestamp="20220520 23:32:00.958" level="INFO">Clicking element 'xpath = //a[@class="bem-vindo cor-secundaria"]'.</msg>
<status status="PASS" starttime="20220520 23:32:00.958" endtime="20220520 23:32:01.681"/>
</kw>
<status status="PASS" starttime="20220520 23:32:00.904" endtime="20220520 23:32:01.682"/>
</kw>
<kw name="e digito o email existente para cadastrar">
<kw name="Wait Until Element Is Enabled" library="SeleniumLibrary">
<arg>xpath = //input[@class = "span8"]</arg>
<doc>Waits until the element ``locator`` is enabled.</doc>
<status status="PASS" starttime="20220520 23:32:01.683" endtime="20220520 23:32:01.747"/>
</kw>
<kw name="Input Text" library="SeleniumLibrary">
<arg>xpath = //input[@class = "span8"]</arg>
<arg>${EMAIL_VALIDO}</arg>
<doc>Types the given ``text`` into the text field identified by ``locator``.</doc>
<msg timestamp="20220520 23:32:01.749" level="INFO">Typing text 'teste12345@teste.com' into text field 'xpath = //input[@class = "span8"]'.</msg>
<status status="PASS" starttime="20220520 23:32:01.747" endtime="20220520 23:32:01.884"/>
</kw>
<kw name="Click Element" library="SeleniumLibrary">
<arg>xpath = //button[contains(text(),'Cadastrar')]</arg>
<doc>Click the element identified by ``locator``.</doc>
<msg timestamp="20220520 23:32:01.884" level="INFO">Clicking element 'xpath = //button[contains(text(),'Cadastrar')]'.</msg>
<status status="PASS" starttime="20220520 23:32:01.884" endtime="20220520 23:32:01.981"/>
</kw>
<status status="PASS" starttime="20220520 23:32:01.683" endtime="20220520 23:32:01.981"/>
</kw>
<kw name="entao devera aparecer a mensagem &quot;Já existe um cliente cadastrado com este email.&quot;">
<kw name="Wait Until Element Is Enabled" library="SeleniumLibrary">
<arg>xpath = //div[@class="alert alert-danger alert-geral"]</arg>
<arg>30000ms</arg>
<doc>Waits until the element ``locator`` is enabled.</doc>
<status status="PASS" starttime="20220520 23:32:01.982" endtime="20220520 23:32:02.818"/>
</kw>
<kw name="Element Should Contain" library="SeleniumLibrary">
<arg>xpath = //div[@class="alert alert-danger alert-geral"]</arg>
<arg>Já existe um cliente cadastrado com este email.</arg>
<doc>Verifies that element ``locator`` contains text ``expected``.</doc>
<msg timestamp="20220520 23:32:02.842" level="INFO">Element 'xpath = //div[@class="alert alert-danger alert-geral"]' contains text 'Já existe um cliente cadastrado com este email.'.</msg>
<status status="PASS" starttime="20220520 23:32:02.818" endtime="20220520 23:32:02.842"/>
</kw>
<kw name="Close Browser" library="SeleniumLibrary">
<doc>Closes the current browser.</doc>
<status status="PASS" starttime="20220520 23:32:02.842" endtime="20220520 23:32:05.044"/>
</kw>
<status status="PASS" starttime="20220520 23:32:01.982" endtime="20220520 23:32:05.044"/>
</kw>
<status status="PASS" starttime="20220520 23:31:52.813" endtime="20220520 23:32:05.045"/>
</test>
<test id="s1-t3" name="CENARIO 3 - Cadastro Negativo - Dados incorretos" line="43">
<kw name="dado que acesso o site StellaLamour">
<kw name="Open Browser" library="SeleniumLibrary">
<arg>${URL}</arg>
<arg>${BROWSER}</arg>
<doc>Opens a new browser instance to the optional ``url``.</doc>
<msg timestamp="20220520 23:32:05.049" level="INFO">Opening browser 'chrome' to base url 'https://www.stella-lamour.com.br/'.</msg>
<status status="PASS" starttime="20220520 23:32:05.048" endtime="20220520 23:32:11.827"/>
</kw>
<kw name="Maximize Browser Window" library="SeleniumLibrary">
<doc>Maximizes current browser window.</doc>
<status status="PASS" starttime="20220520 23:32:11.828" endtime="20220520 23:32:12.064"/>
</kw>
<kw name="Sleep" library="BuiltIn">
<arg>1</arg>
<doc>Pauses the test executed for the given time.</doc>
<msg timestamp="20220520 23:32:13.064" level="INFO">Slept 1 second</msg>
<status status="PASS" starttime="20220520 23:32:12.064" endtime="20220520 23:32:13.064"/>
</kw>
<kw name="Title Should Be" library="SeleniumLibrary">
<arg>${TITULO_PAGINA}</arg>
<doc>Verifies that the current page title equals ``title``.</doc>
<msg timestamp="20220520 23:32:13.079" level="INFO">Page title is 'stella.lamour'.</msg>
<status status="PASS" starttime="20220520 23:32:13.064" endtime="20220520 23:32:13.079"/>
</kw>
<status status="PASS" starttime="20220520 23:32:05.048" endtime="20220520 23:32:13.079"/>
</kw>
<kw name="quando clico em minha conta">
<kw name="Wait Until Element Is Enabled" library="SeleniumLibrary">
<arg>xpath = //a[@class="bem-vindo cor-secundaria"]</arg>
<doc>Waits until the element ``locator`` is enabled.</doc>
<status status="PASS" starttime="20220520 23:32:13.080" endtime="20220520 23:32:13.134"/>
</kw>
<kw name="Click Element" library="SeleniumLibrary">
<arg>xpath = //a[@class="bem-vindo cor-secundaria"]</arg>
<doc>Click the element identified by ``locator``.</doc>
<msg timestamp="20220520 23:32:13.135" level="INFO">Clicking element 'xpath = //a[@class="bem-vindo cor-secundaria"]'.</msg>
<status status="PASS" starttime="20220520 23:32:13.134" endtime="20220520 23:32:13.786"/>
</kw>
<status status="PASS" starttime="20220520 23:32:13.080" endtime="20220520 23:32:13.786"/>
</kw>
<kw name="e digito outro email valido para cadastrar">
<kw name="Wait Until Element Is Enabled" library="SeleniumLibrary">
<arg>xpath = //input[@class = "span8"]</arg>
<doc>Waits until the element ``locator`` is enabled.</doc>
<status status="PASS" starttime="20220520 23:32:13.789" endtime="20220520 23:32:13.854"/>
</kw>
<kw name="Input Text" library="SeleniumLibrary">
<arg>xpath = //input[@class = "span8"]</arg>
<arg>${EMAIL_VALIDO_2}</arg>
<doc>Types the given ``text`` into the text field identified by ``locator``.</doc>
<msg timestamp="20220520 23:32:13.855" level="INFO">Typing text 'teste4321@teste.com' into text field 'xpath = //input[@class = "span8"]'.</msg>
<status status="PASS" starttime="20220520 23:32:13.854" endtime="20220520 23:32:14.000"/>
</kw>
<kw name="Click Element" library="SeleniumLibrary">
<arg>xpath = //button[contains(text(),'Cadastrar')]</arg>
<doc>Click the element identified by ``locator``.</doc>
<msg timestamp="20220520 23:32:14.000" level="INFO">Clicking element 'xpath = //button[contains(text(),'Cadastrar')]'.</msg>
<status status="PASS" starttime="20220520 23:32:14.000" endtime="20220520 23:32:14.844"/>
</kw>
<status status="PASS" starttime="20220520 23:32:13.788" endtime="20220520 23:32:14.844"/>
</kw>
<kw name="e digito outro email valido para confirmar">
<kw name="Wait Until Element Is Enabled" library="SeleniumLibrary">
<arg>xpath = //input[@id= "id_confirmacao_email"]</arg>
<doc>Waits until the element ``locator`` is enabled.</doc>
<status status="PASS" starttime="20220520 23:32:14.848" endtime="20220520 23:32:14.914"/>
</kw>
<kw name="Input Text" library="SeleniumLibrary">
<arg>xpath = //input[@id= "id_confirmacao_email"]</arg>
<arg>${EMAIL_VALIDO_2}</arg>
<doc>Types the given ``text`` into the text field identified by ``locator``.</doc>
<msg timestamp="20220520 23:32:14.915" level="INFO">Typing text 'teste4321@teste.com' into text field 'xpath = //input[@id= "id_confirmacao_email"]'.</msg>
<status status="PASS" starttime="20220520 23:32:14.914" endtime="20220520 23:32:15.160"/>
</kw>
<status status="PASS" starttime="20220520 23:32:14.847" endtime="20220520 23:32:15.161"/>
</kw>
<kw name="e digito o password valido para cadastrar">
<kw name="Wait Until Element Is Enabled" library="SeleniumLibrary">
<arg>xpath = //input[@id= "id_senha"]</arg>
<doc>Waits until the element ``locator`` is enabled.</doc>
<status status="PASS" starttime="20220520 23:32:15.163" endtime="20220520 23:32:15.208"/>
</kw>
<kw name="Input Text" library="SeleniumLibrary">
<arg>xpath = //input[@id= "id_senha"]</arg>
<arg>${TRUE_PASS}</arg>
<doc>Types the given ``text`` into the text field identified by ``locator``.</doc>
<msg timestamp="20220520 23:32:15.209" level="INFO">Typing text 'abcd123456' into text field 'xpath = //input[@id= "id_senha"]'.</msg>
<status status="PASS" starttime="20220520 23:32:15.208" endtime="20220520 23:32:15.325"/>
</kw>
<status status="PASS" starttime="20220520 23:32:15.162" endtime="20220520 23:32:15.325"/>
</kw>
<kw name="e digito o password valido para confirmar">
<kw name="Wait Until Element Is Enabled" library="SeleniumLibrary">
<arg>xpath = //input[@id= "id_confirmacao_senha"]</arg>
<doc>Waits until the element ``locator`` is enabled.</doc>
<status status="PASS" starttime="20220520 23:32:15.326" endtime="20220520 23:32:15.387"/>
</kw>
<kw name="Input Text" library="SeleniumLibrary">
<arg>xpath = //input[@id= "id_confirmacao_senha"]</arg>
<arg>${TRUE_PASS}</arg>
<doc>Types the given ``text`` into the text field identified by ``locator``.</doc>
<msg timestamp="20220520 23:32:15.388" level="INFO">Typing text 'abcd123456' into text field 'xpath = //input[@id= "id_confirmacao_senha"]'.</msg>
<status status="PASS" starttime="20220520 23:32:15.388" endtime="20220520 23:32:15.566"/>
</kw>
<status status="PASS" starttime="20220520 23:32:15.326" endtime="20220520 23:32:15.566"/>
</kw>
<kw name="e digito o nome correto do usuario">
<kw name="Wait Until Element Is Enabled" library="SeleniumLibrary">
<arg>xpath = //input[@id= "id_nome"]</arg>
<doc>Waits until the element ``locator`` is enabled.</doc>
<status status="PASS" starttime="20220520 23:32:15.567" endtime="20220520 23:32:15.614"/>
</kw>
<kw name="Input Text" library="SeleniumLibrary">
<arg>xpath = //input[@id= "id_nome"]</arg>
<arg>${USERNAME}</arg>
<doc>Types the given ``text`` into the text field identified by ``locator``.</doc>
<msg timestamp="20220520 23:32:15.615" level="INFO">Typing text 'New User Tester' into text field 'xpath = //input[@id= "id_nome"]'.</msg>
<status status="PASS" starttime="20220520 23:32:15.614" endtime="20220520 23:32:15.763"/>
</kw>
<status status="PASS" starttime="20220520 23:32:15.567" endtime="20220520 23:32:15.763"/>
</kw>
<kw name="e digito o CPF incorreto">
<kw name="Wait Until Element Is Enabled" library="SeleniumLibrary">
<arg>xpath = //input[@id= "id_cpf"]</arg>
<doc>Waits until the element ``locator`` is enabled.</doc>
<status status="PASS" starttime="20220520 23:32:15.764" endtime="20220520 23:32:15.813"/>
</kw>
<kw name="Input Text" library="SeleniumLibrary">
<arg>xpath = //input[@id= "id_cpf"]</arg>
<arg>${CPF_INCORRETO}</arg>
<doc>Types the given ``text`` into the text field identified by ``locator``.</doc>
<msg timestamp="20220520 23:32:15.814" level="INFO">Typing text '111.111.111-11' into text field 'xpath = //input[@id= "id_cpf"]'.</msg>
<status status="PASS" starttime="20220520 23:32:15.814" endtime="20220520 23:32:15.957"/>
</kw>
<status status="PASS" starttime="20220520 23:32:15.763" endtime="20220520 23:32:15.958"/>
</kw>
<kw name="e digito o celular correto">
<kw name="Wait Until Element Is Enabled" library="SeleniumLibrary">
<arg>xpath = //input[@id= "id_telefone_celular"]</arg>
<doc>Waits until the element ``locator`` is enabled.</doc>
<status status="PASS" starttime="20220520 23:32:15.961" endtime="20220520 23:32:16.012"/>
</kw>
<kw name="Input Text" library="SeleniumLibrary">
<arg>xpath = //input[@id= "id_telefone_celular"]</arg>
<arg>${CEL}</arg>
<doc>Types the given ``text`` into the text field identified by ``locator``.</doc>
<msg timestamp="20220520 23:32:16.013" level="INFO">Typing text '(19)911112224' into text field 'xpath = //input[@id= "id_telefone_celular"]'.</msg>
<status status="PASS" starttime="20220520 23:32:16.013" endtime="20220520 23:32:16.163"/>
</kw>
<status status="PASS" starttime="20220520 23:32:15.960" endtime="20220520 23:32:16.163"/>
</kw>
<kw name="e seleciono o sexo masculino">
<kw name="Select From List By Value" library="SeleniumLibrary">
<arg>name = sexo</arg>
<arg>m</arg>
<doc>Selects options from selection list ``locator`` by ``values``.</doc>
<msg timestamp="20220520 23:32:16.165" level="INFO">Selecting options from selection list 'name = sexo' by value m.</msg>
<status status="PASS" starttime="20220520 23:32:16.164" endtime="20220520 23:32:16.276"/>
</kw>
<status status="PASS" starttime="20220520 23:32:16.164" endtime="20220520 23:32:16.276"/>
</kw>
<kw name="e digito a data de nascimento">
<kw name="Wait Until Element Is Enabled" library="SeleniumLibrary">
<arg>xpath = //input[@id= "id_data_nascimento"]</arg>
<doc>Waits until the element ``locator`` is enabled.</doc>
<status status="PASS" starttime="20220520 23:32:16.277" endtime="20220520 23:32:16.329"/>
</kw>
<kw name="Input Text" library="SeleniumLibrary">
<arg>xpath = //input[@id= "id_data_nascimento"]</arg>
<arg>${NASCIMENTO}</arg>
<doc>Types the given ``text`` into the text field identified by ``locator``.</doc>
<msg timestamp="20220520 23:32:16.330" level="INFO">Typing text '31/05/1993' into text field 'xpath = //input[@id= "id_data_nascimento"]'.</msg>
<status status="PASS" starttime="20220520 23:32:16.329" endtime="20220520 23:32:16.467"/>
</kw>
<status status="PASS" starttime="20220520 23:32:16.276" endtime="20220520 23:32:16.468"/>
</kw>
<kw name="e digito o endereco com o CEP e numero de residencia corretos">
<kw name="Wait Until Element Is Visible" library="SeleniumLibrary">
<arg>xpath = //input[@id= "id_cep"]</arg>
<doc>Waits until the element ``locator`` is visible.</doc>
<status status="PASS" starttime="20220520 23:32:16.468" endtime="20220520 23:32:16.523"/>
</kw>
<kw name="Input Text" library="SeleniumLibrary">
<arg>xpath = //input[@id= "id_cep"]</arg>
<arg>${CEP}</arg>
<doc>Types the given ``text`` into the text field identified by ``locator``.</doc>
<msg timestamp="20220520 23:32:16.524" level="INFO">Typing text '13477-460' into text field 'xpath = //input[@id= "id_cep"]'.</msg>
<status status="PASS" starttime="20220520 23:32:16.524" endtime="20220520 23:32:16.710"/>
</kw>
<kw name="Wait Until Element Is Visible" library="SeleniumLibrary">
<arg>xpath = //input[@id= "id_numero"]</arg>
<doc>Waits until the element ``locator`` is visible.</doc>
<status status="PASS" starttime="20220520 23:32:16.710" endtime="20220520 23:32:16.753"/>
</kw>
<kw name="Input Text" library="SeleniumLibrary">
<arg>xpath = //input[@id= "id_numero"]</arg>
<arg>${NUM}</arg>
<doc>Types the given ``text`` into the text field identified by ``locator``.</doc>
<msg timestamp="20220520 23:32:16.754" level="INFO">Typing text '998' into text field 'xpath = //input[@id= "id_numero"]'.</msg>
<status status="PASS" starttime="20220520 23:32:16.753" endtime="20220520 23:32:16.866"/>
</kw>
<status status="PASS" starttime="20220520 23:32:16.468" endtime="20220520 23:32:16.866"/>
</kw>
<kw name="e clico em criar conta">
<kw name="Sleep" library="BuiltIn">
<arg>2</arg>
<doc>Pauses the test executed for the given time.</doc>
<msg timestamp="20220520 23:32:18.868" level="INFO">Slept 2 seconds</msg>
<status status="PASS" starttime="20220520 23:32:16.867" endtime="20220520 23:32:18.868"/>
</kw>
<kw name="Wait Until Element Is Enabled" library="SeleniumLibrary">
<arg>xpath = //button[contains(text(),'Criar Conta')]</arg>
<doc>Waits until the element ``locator`` is enabled.</doc>
<status status="PASS" starttime="20220520 23:32:18.868" endtime="20220520 23:32:18.902"/>
</kw>
<kw name="Click Button" library="SeleniumLibrary">
<arg>xpath = //button[contains(text(),'Criar Conta')]</arg>
<doc>Clicks the button identified by ``locator``.</doc>
<msg timestamp="20220520 23:32:18.902" level="INFO">Clicking button 'xpath = //button[contains(text(),'Criar Conta')]'.</msg>
<status status="PASS" starttime="20220520 23:32:18.902" endtime="20220520 23:32:19.720"/>
</kw>
<status status="PASS" starttime="20220520 23:32:16.867" endtime="20220520 23:32:19.720"/>
</kw>
<kw name="entao devera aparecer a mensagem &quot;Este campo é obrigatório.&quot;">
<kw name="Wait Until Element Is Enabled" library="SeleniumLibrary">
<arg>xpath = //div/span/ul</arg>
<arg>30000ms</arg>
<doc>Waits until the element ``locator`` is enabled.</doc>
<status status="PASS" starttime="20220520 23:32:19.721" endtime="20220520 23:32:19.770"/>
</kw>
<kw name="Element Should Contain" library="SeleniumLibrary">
<arg>xpath = //div/span/ul</arg>
<arg>Este campo é obrigatório.</arg>
<doc>Verifies that element ``locator`` contains text ``expected``.</doc>
<msg timestamp="20220520 23:32:19.816" level="INFO">Element 'xpath = //div/span/ul' contains text 'Este campo é obrigatório.'.</msg>
<status status="PASS" starttime="20220520 23:32:19.770" endtime="20220520 23:32:19.816"/>
</kw>
<kw name="Close Browser" library="SeleniumLibrary">
<doc>Closes the current browser.</doc>
<status status="PASS" starttime="20220520 23:32:19.816" endtime="20220520 23:32:22.032"/>
</kw>
<status status="PASS" starttime="20220520 23:32:19.720" endtime="20220520 23:32:22.033"/>
</kw>
<status status="PASS" starttime="20220520 23:32:05.047" endtime="20220520 23:32:22.034"/>
</test>
<status status="PASS" starttime="20220520 23:31:34.185" endtime="20220520 23:32:22.036"/>
</suite>
<statistics>
<total>
<stat pass="3" fail="0" skip="0">All Tests</stat>
</total>
<tag>
</tag>
<suite>
<stat pass="3" fail="0" skip="0" id="s1" name="Teste Cadastro Stella">Teste Cadastro Stella</stat>
</suite>
</statistics>
<errors>
</errors>
</robot>
